<?xml version="1.0" encoding="UTF-8"?>
<!-- Generated by org.testng.reporters.JUnitReportReporter -->
<testsuite hostname="DESKTOP-ND63JID" failures="0" tests="2" name="com.upgrade.tests.LoginService_POST_Request" time="5.408" errors="0" timestamp="2021-01-18T20:30:24 EST" skipped="0">
  <testcase classname="com.upgrade.tests.LoginService_POST_Request" name="PostloginRequest_ValidCredentials" time="4.508"/>
  <system-out/>
  <testcase classname="com.upgrade.tests.LoginService_POST_Request" name="PostloginRequest_ValidCredentials" time="0.900"/>
  <system-out/>
</testsuite> <!-- com.upgrade.tests.LoginService_POST_Request -->
