<?xml version="1.0" encoding="UTF-8"?>
<!-- Generated by org.testng.reporters.JUnitReportReporter -->
<testsuite hostname="DESKTOP-ND63JID" failures="0" tests="2" name="com.upgrade.tests.NewBorrowerFlow_API" time="5.487" errors="0" timestamp="2021-01-18T20:24:32 EST" skipped="0">
  <testcase classname="com.upgrade.tests.NewBorrowerFlow_API" name="PostloginRequest_ValidCredentials" time="4.570"/>
  <system-out/>
  <testcase classname="com.upgrade.tests.NewBorrowerFlow_API" name="PostloginRequest_ValidCredentials" time="0.917"/>
  <system-out/>
</testsuite> <!-- com.upgrade.tests.NewBorrowerFlow_API -->
