<?xml version="1.0" encoding="UTF-8"?>
<!-- Generated by org.testng.reporters.JUnitReportReporter -->
<testsuite hostname="DESKTOP-ND63JID" failures="0" tests="1" name="com.upgrade.tests.NewBorrowerFlowWeb_Test" time="38.456" errors="0" timestamp="2021-01-18T20:44:20 EST" skipped="0">
  <testcase classname="com.upgrade.tests.NewBorrowerFlowWeb_Test" name="signupFlowNewBorrowerUI" time="38.456"/>
  <system-out>
Validation of Offer displayed during signup and after login is success.  </system-out>
</testsuite> <!-- com.upgrade.tests.NewBorrowerFlowWeb_Test -->
